[    0.000000] Initializing cgroup subsys cpuset
[    0.000000] Initializing cgroup subsys cpu
[    0.000000] Initializing cgroup subsys cpuacct
[    0.000000] Linux version 4.4.0-97-generic (buildd@lcy01-33) (gcc version 5.4.0 20160609 (Ubuntu 5.4.0-6ubuntu1~16.04.4) ) #120-Ubuntu SMP Tue Sep 19 17:28:18 UTC 2017 (Ubuntu 4.4.0-97.120-generic 4.4.87)
[    0.000000] Command line: BOOT_IMAGE=/boot/vmlinuz-4.4.0-97-generic root=UUID=d1dd2fe9-c128-4a7f-a5d8-93dba75a85e2 ro console=tty1 console=ttyS0
[    0.000000] KERNEL supported cpus:
[    0.000000]   Intel GenuineIntel
[    0.000000]   AMD AuthenticAMD
[    0.000000]   Centaur CentaurHauls
[    0.000000] x86/fpu: xstate_offset[2]:  576, xstate_sizes[2]:  256
[    0.000000] x86/fpu: Supporting XSAVE feature 0x01: 'x87 floating point registers'
[    0.000000] x86/fpu: Supporting XSAVE feature 0x02: 'SSE registers'
[    0.000000] x86/fpu: Supporting XSAVE feature 0x04: 'AVX registers'
[    0.000000] x86/fpu: Enabled xstate features 0x7, context size is 832 bytes, using 'standard' format.
[    0.000000] x86/fpu: Using 'lazy' FPU context switches.
[    0.000000] e820: BIOS-provided physical RAM map:
[    0.000000] BIOS-e820: [mem 0x0000000000000000-0x000000000009fbff] usable
[    0.000000] BIOS-e820: [mem 0x000000000009fc00-0x000000000009ffff] reserved
[    0.000000] BIOS-e820: [mem 0x00000000000f0000-0x00000000000fffff] reserved
[    0.000000] BIOS-e820: [mem 0x0000000000100000-0x00000000dffeffff] usable
[    0.000000] BIOS-e820: [mem 0x00000000dfff0000-0x00000000dfffffff] ACPI data
[    0.000000] BIOS-e820: [mem 0x00000000fec00000-0x00000000fec00fff] reserved
[    0.000000] BIOS-e820: [mem 0x00000000fee00000-0x00000000fee00fff] reserved
[    0.000000] BIOS-e820: [mem 0x00000000fffc0000-0x00000000ffffffff] reserved
[    0.000000] BIOS-e820: [mem 0x0000000100000000-0x000000021fffffff] usable
[    0.000000] NX (Execute Disable) protection: active
[    0.000000] SMBIOS 2.5 present.
[    0.000000] Hypervisor detected: KVM
[    0.000000] e820: last_pfn = 0x220000 max_arch_pfn = 0x400000000
[    0.000000] MTRR: Disabled
[    0.000000] x86/PAT: MTRRs disabled, skipping PAT initialization too.
[    0.000000] CPU MTRRs all blank - virtualized system.
[    0.000000] x86/PAT: Configuration [0-7]: WB  WT  UC- UC  WB  WT  UC- UC  
[    0.000000] e820: last_pfn = 0xdfff0 max_arch_pfn = 0x400000000
[    0.000000] found SMP MP-table at [mem 0x0009fff0-0x0009ffff] mapped at [ffff88000009fff0]
[    0.000000] Scanning 1 areas for low memory corruption
[    0.000000] RAMDISK: [mem 0x36232000-0x37110fff]
[    0.000000] ACPI: Early table checksum verification disabled
[    0.000000] ACPI: RSDP 0x00000000000E0000 000024 (v02 VBOX  )
[    0.000000] ACPI: XSDT 0x00000000DFFF0030 00003C (v01 VBOX   VBOXXSDT 00000001 ASL  00000061)
[    0.000000] ACPI: FACP 0x00000000DFFF00F0 0000F4 (v04 VBOX   VBOXFACP 00000001 ASL  00000061)
[    0.000000] ACPI: DSDT 0x00000000DFFF0480 0021FF (v02 VBOX   VBOXBIOS 00000002 INTL 20160108)
[    0.000000] ACPI: FACS 0x00000000DFFF0200 000040
[    0.000000] ACPI: FACS 0x00000000DFFF0200 000040
[    0.000000] ACPI: APIC 0x00000000DFFF0240 00006C (v02 VBOX   VBOXAPIC 00000001 ASL  00000061)
[    0.000000] ACPI: SSDT 0x00000000DFFF02B0 0001CC (v01 VBOX   VBOXCPUT 00000002 INTL 20160108)
[    0.000000] No NUMA configuration found
[    0.000000] Faking a node at [mem 0x0000000000000000-0x000000021fffffff]
[    0.000000] NODE_DATA(0) allocated [mem 0x21fff5000-0x21fff9fff]
[    0.000000] kvm-clock: Using msrs 4b564d01 and 4b564d00
[    0.000000] kvm-clock: cpu 0, msr 2:1ffed001, primary cpu clock
[    0.000000] kvm-clock: using sched offset of 3082755146 cycles
[    0.000000] clocksource: kvm-clock: mask: 0xffffffffffffffff max_cycles: 0x1cd42e4dffb, max_idle_ns: 881590591483 ns
[    0.000000] Zone ranges:
[    0.000000]   DMA      [mem 0x0000000000001000-0x0000000000ffffff]
[    0.000000]   DMA32    [mem 0x0000000001000000-0x00000000ffffffff]
[    0.000000]   Normal   [mem 0x0000000100000000-0x000000021fffffff]
[    0.000000]   Device   empty
[    0.000000] Movable zone start for each node
[    0.000000] Early memory node ranges
[    0.000000]   node   0: [mem 0x0000000000001000-0x000000000009efff]
[    0.000000]   node   0: [mem 0x0000000000100000-0x00000000dffeffff]
[    0.000000]   node   0: [mem 0x0000000100000000-0x000000021fffffff]
[    0.000000] Initmem setup node 0 [mem 0x0000000000001000-0x000000021fffffff]
[    0.000000] ACPI: PM-Timer IO Port: 0x4008
[    0.000000] IOAPIC[0]: apic_id 4, version 32, address 0xfec00000, GSI 0-23
[    0.000000] ACPI: INT_SRC_OVR (bus 0 bus_irq 0 global_irq 2 dfl dfl)
[    0.000000] ACPI: INT_SRC_OVR (bus 0 bus_irq 9 global_irq 9 high level)
[    0.000000] Using ACPI (MADT) for SMP configuration information
[    0.000000] smpboot: Allowing 4 CPUs, 0 hotplug CPUs
[    0.000000] PM: Registered nosave memory: [mem 0x00000000-0x00000fff]
[    0.000000] PM: Registered nosave memory: [mem 0x0009f000-0x0009ffff]
[    0.000000] PM: Registered nosave memory: [mem 0x000a0000-0x000effff]
[    0.000000] PM: Registered nosave memory: [mem 0x000f0000-0x000fffff]
[    0.000000] PM: Registered nosave memory: [mem 0xdfff0000-0xdfffffff]
[    0.000000] PM: Registered nosave memory: [mem 0xe0000000-0xfebfffff]
[    0.000000] PM: Registered nosave memory: [mem 0xfec00000-0xfec00fff]
[    0.000000] PM: Registered nosave memory: [mem 0xfec01000-0xfedfffff]
[    0.000000] PM: Registered nosave memory: [mem 0xfee00000-0xfee00fff]
[    0.000000] PM: Registered nosave memory: [mem 0xfee01000-0xfffbffff]
[    0.000000] PM: Registered nosave memory: [mem 0xfffc0000-0xffffffff]
[    0.000000] e820: [mem 0xe0000000-0xfebfffff] available for PCI devices
[    0.000000] Booting paravirtualized kernel on KVM
[    0.000000] clocksource: refined-jiffies: mask: 0xffffffff max_cycles: 0xffffffff, max_idle_ns: 7645519600211568 ns
[    0.000000] setup_percpu: NR_CPUS:512 nr_cpumask_bits:512 nr_cpu_ids:4 nr_node_ids:1
[    0.000000] PERCPU: Embedded 34 pages/cpu @ffff88021fc00000 s98328 r8192 d32744 u524288
[    0.000000] PV qspinlock hash table entries: 256 (order: 0, 4096 bytes)
[    0.000000] Built 1 zonelists in Node order, mobility grouping on.  Total pages: 2064249
[    0.000000] Policy zone: Normal
[    0.000000] Kernel command line: BOOT_IMAGE=/boot/vmlinuz-4.4.0-97-generic root=UUID=d1dd2fe9-c128-4a7f-a5d8-93dba75a85e2 ro console=tty1 console=ttyS0
[    0.000000] PID hash table entries: 4096 (order: 3, 32768 bytes)
[    0.000000] Memory: 8156336K/8388152K available (8480K kernel code, 1294K rwdata, 3984K rodata, 1492K init, 1316K bss, 231816K reserved, 0K cma-reserved)
[    0.000000] SLUB: HWalign=64, Order=0-3, MinObjects=0, CPUs=4, Nodes=1
[    0.000000] Hierarchical RCU implementation.
[    0.000000] 	Build-time adjustment of leaf fanout to 64.
[    0.000000] 	RCU restricting CPUs from NR_CPUS=512 to nr_cpu_ids=4.
[    0.000000] RCU: Adjusting geometry for rcu_fanout_leaf=64, nr_cpu_ids=4
[    0.000000] NR_IRQS:33024 nr_irqs:456 16
[    0.000000] Console: colour VGA+ 80x25
[    0.000000] console [tty1] enabled
[    0.000000] console [ttyS0] enabled
[    0.000000] tsc: Detected 3193.000 MHz processor
[    2.449366] Calibrating delay loop (skipped) preset value.. 6386.00 BogoMIPS (lpj=12772000)
[    2.669298] pid_max: default: 32768 minimum: 301
[    2.706725] ACPI: Core revision 20150930
[    2.708143] ACPI: 2 ACPI AML tables successfully acquired and loaded
[    2.709116] Security Framework initialized
[    2.709719] Yama: becoming mindful.
[    2.710278] AppArmor: AppArmor initialized
[    2.711590] Dentry cache hash table entries: 1048576 (order: 11, 8388608 bytes)
[    2.715624] Inode-cache hash table entries: 524288 (order: 10, 4194304 bytes)
[    2.740254] Mount-cache hash table entries: 16384 (order: 5, 131072 bytes)
[    2.742248] Mountpoint-cache hash table entries: 16384 (order: 5, 131072 bytes)
[    2.743516] Initializing cgroup subsys io
[    2.744181] Initializing cgroup subsys memory
[    2.744821] Initializing cgroup subsys devices
[    2.745499] Initializing cgroup subsys freezer
[    2.753153] Initializing cgroup subsys net_cls
[    2.885009] Initializing cgroup subsys perf_event
[    3.022133] Initializing cgroup subsys net_prio
[    3.155092] Initializing cgroup subsys hugetlb
[    3.282446] Initializing cgroup subsys pids
[    3.403766] CPU: Physical Processor ID: 0
[    3.490731] CPU: Processor Core ID: 0
[    3.523399] mce: CPU supports 0 MCE banks
[    3.639510] Last level iTLB entries: 4KB 512, 2MB 8, 4MB 8
[    3.795436] Last level dTLB entries: 4KB 512, 2MB 32, 4MB 32, 1GB 0
[    3.885527] Freeing SMP alternatives memory: 32K
[    3.893655] ftrace: allocating 32148 entries in 126 pages
[    4.080953] smpboot: APIC(0) Converting physical 0 to logical package 0
[    4.271587] smpboot: Max logical packages: 1
[    4.394272] x2apic enabled
[    4.473544] Switched APIC routing to physical x2apic.
[    4.577285] ..TIMER: vector=0x30 apic1=0 pin1=2 apic2=-1 pin2=-1
[    4.840826] smpboot: CPU0: Intel(R) Core(TM) i5-3470 CPU @ 3.20GHz (family: 0x6, model: 0x3a, stepping: 0x9)
[    5.123382] Performance Events: unsupported p6 CPU model 58 no PMU driver, software events only.
[    5.288453] KVM setup paravirtual spinlock
[    5.381278] x86: Booting SMP configuration:
[    5.498310] .... node  #0, CPUs:      #1
[    5.606693] kvm-clock: cpu 1, msr 2:1ffed041, secondary cpu clock
[    5.637863] mce: CPU supports 0 MCE banks
[    5.640447]  #2
[    5.649344] kvm-clock: cpu 2, msr 2:1ffed081, secondary cpu clock
[    5.650232] mce: CPU supports 0 MCE banks
[    5.652643]  #3
[    5.660654] kvm-clock: cpu 3, msr 2:1ffed0c1, secondary cpu clock
[    5.663540] mce: CPU supports 0 MCE banks
[    5.665891] x86: Booted up 1 node, 4 CPUs
[    5.758731] smpboot: Total of 4 processors activated (25544.00 BogoMIPS)
[    5.882616] devtmpfs: initialized
[    5.887191] evm: security.selinux
[    5.887722] evm: security.SMACK64
[    5.888245] evm: security.SMACK64EXEC
[    5.888852] evm: security.SMACK64TRANSMUTE
[    5.889500] evm: security.SMACK64MMAP
[    5.890075] evm: security.ima
[    5.890577] evm: security.capability
[    5.892932] clocksource: jiffies: mask: 0xffffffff max_cycles: 0xffffffff, max_idle_ns: 7645041785100000 ns
[    5.894299] futex hash table entries: 1024 (order: 4, 65536 bytes)
[    5.895255] pinctrl core: initialized pinctrl subsystem
[    5.896081] RTC time: 15:18:50, date: 10/18/17
[    5.896987] NET: Registered protocol family 16
[    5.908923] cpuidle: using governor ladder
[    6.040659] cpuidle: using governor menu
[    6.152573] PCCT header not found.
[    6.205679] ACPI: bus type PCI registered
[    6.206312] acpiphp: ACPI Hot Plug PCI Controller Driver version: 0.5
[    6.207280] PCI: Using configuration type 1 for base access
[    6.234377] ACPI: Added _OSI(Module Device)
[    6.355546] ACPI: Added _OSI(Processor Device)
[    6.488237] ACPI: Added _OSI(3.0 _SCP Extensions)
[    6.625249] ACPI: Added _OSI(Processor Aggregator Device)
[    6.688095] ACPI: Executed 1 blocks of module-level executable AML code
[    6.716227] ACPI: Interpreter enabled
[    6.814690] ACPI: (supports S0 S5)
[    6.879297] ACPI: Using IOAPIC for interrupt routing
[    6.880146] PCI: Using host bridge windows from ACPI; if necessary, use "pci=nocrs" and report a bug
[    7.157001] ACPI: PCI Root Bridge [PCI0] (domain 0000 [bus 00-ff])
[    7.331955] acpi PNP0A03:00: _OSC: OS supports [ASPM ClockPM Segments MSI]
[    7.538407] acpi PNP0A03:00: _OSC: not requesting OS control; OS requires [ExtendedConfig ASPM ClockPM MSI]
[    7.774090] acpi PNP0A03:00: fail to add MMCONFIG information, can't access extended PCI configuration space under this bridge.
[    8.060040] PCI host bridge to bus 0000:00
[    8.182249] pci_bus 0000:00: root bus resource [io  0x0000-0x0cf7 window]
[    8.209399] pci_bus 0000:00: root bus resource [io  0x0d00-0xffff window]
[    8.283686] pci_bus 0000:00: root bus resource [mem 0x000a0000-0x000bffff window]
[    8.492015] pci_bus 0000:00: root bus resource [mem 0xe0000000-0xffdfffff window]
[    8.713379] pci_bus 0000:00: root bus resource [bus 00-ff]
[    8.840378] pci 0000:00:01.1: legacy IDE quirk: reg 0x10: [io  0x01f0-0x01f7]
[    8.851310] pci 0000:00:01.1: legacy IDE quirk: reg 0x14: [io  0x03f6]
[    8.852196] pci 0000:00:01.1: legacy IDE quirk: reg 0x18: [io  0x0170-0x0177]
[    8.853138] pci 0000:00:01.1: legacy IDE quirk: reg 0x1c: [io  0x0376]
[    8.974105] pci 0000:00:07.0: quirk: [io  0x4000-0x403f] claimed by PIIX4 ACPI
[    9.190223] pci 0000:00:07.0: quirk: [io  0x4100-0x410f] claimed by PIIX4 SMB
[    9.459185] ACPI: PCI Interrupt Link [LNKA] (IRQs 5 9 10 *11)
[    9.606352] ACPI: PCI Interrupt Link [LNKB] (IRQs 5 9 10 *11)
[    9.756563] ACPI: PCI Interrupt Link [LNKC] (IRQs 5 9 *10 11)
[    9.886623] ACPI: PCI Interrupt Link [LNKD] (IRQs 5 *9 10 11)
[    9.911341] ACPI: Enabled 2 GPEs in block 00 to 07
[    9.912440] vgaarb: setting as boot device: PCI:0000:00:02.0
[    9.915332] vgaarb: device added: PCI:0000:00:02.0,decodes=io+mem,owns=io+mem,locks=none
[    9.916541] vgaarb: loaded
[    9.917046] vgaarb: bridge control possible 0000:00:02.0
[    9.918033] SCSI subsystem initialized
[    9.918775] ACPI: bus type USB registered
[    9.919409] usbcore: registered new interface driver usbfs
[    9.920169] usbcore: registered new interface driver hub
[    9.965086] usbcore: registered new device driver usb
[   10.114759] PCI: Using ACPI for IRQ routing
[   10.212732] NetLabel: Initializing
[   10.308858] NetLabel:  domain hash size = 128
[   10.435284] NetLabel:  protocols = UNLABELED CIPSOv4
[   10.583785] NetLabel:  unlabeled traffic allowed by default
[   10.747297] amd_nb: Cannot enumerate AMD northbridges
[   10.896036] clocksource: Switched to clocksource kvm-clock
[   10.991104] AppArmor: AppArmor Filesystem Enabled
[   11.135083] pnp: PnP ACPI init
[   11.209169] pnp: PnP ACPI: found 3 devices
[   11.218402] clocksource: acpi_pm: mask: 0xffffff max_cycles: 0xffffff, max_idle_ns: 2085701024 ns
[   11.383254] NET: Registered protocol family 2
[   11.384132] TCP established hash table entries: 65536 (order: 7, 524288 bytes)
[   11.385290] TCP bind hash table entries: 65536 (order: 8, 1048576 bytes)
[   11.386605] TCP: Hash tables configured (established 65536 bind 65536)
[   11.579712] UDP hash table entries: 4096 (order: 5, 131072 bytes)
[   11.742865] UDP-Lite hash table entries: 4096 (order: 5, 131072 bytes)
[   11.880154] NET: Registered protocol family 1
[   11.880848] pci 0000:00:00.0: Limiting direct PCI/PCI transfers
[   11.881663] pci 0000:00:01.0: Activating ISA DMA hang workarounds
[   11.883374] Unpacking initramfs...
[   12.077127] Freeing initrd memory: 15228K
[   12.167576] PCI-DMA: Using software bounce buffering for IO (SWIOTLB)
[   12.206326] software IO TLB [mem 0xdbff0000-0xdfff0000] (64MB) mapped at [ffff8800dbff0000-ffff8800dffeffff]
[   12.207813] RAPL PMU detected, API unit is 2^-32 Joules, 3 fixed counters 10737418240 ms ovfl timer
[   12.323476] hw unit of domain pp0-core 2^-0 Joules
[   12.324202] hw unit of domain package 2^-0 Joules
[   12.324939] hw unit of domain pp1-gpu 2^-0 Joules
[   12.325711] platform rtc_cmos: registered platform RTC device (no PNP device found)
[   12.356849] Scanning for low memory corruption every 60 seconds
[   12.358618] audit: initializing netlink subsys (disabled)
[   12.404974] audit: type=2000 audit(1508339931.827:1): initialized
[   12.641293] Initialise system trusted keyring
[   12.893128] HugeTLB registered 2 MB page size, pre-allocated 0 pages
[   12.895663] zbud: loaded
[   13.012995] VFS: Disk quotas dquot_6.6.0
[   13.013689] VFS: Dquot-cache hash table entries: 512 (order 0, 4096 bytes)
[   13.014823] squashfs: version 4.0 (2009/01/31) Phillip Lougher
[   13.015989] fuse init (API version 7.23)
[   13.016819] Key type big_key registered
[   13.017446] Allocating IMA MOK and blacklist keyrings.
[   13.020026] Key type asymmetric registered
[   13.205140] Asymmetric key parser 'x509' registered
[   13.352836] Block layer SCSI generic (bsg) driver version 0.4 loaded (major 249)
[   13.356492] tsc: Refined TSC clocksource calibration: 3193.273 MHz
[   13.357330] clocksource: tsc: mask: 0xffffffffffffffff max_cycles: 0x2e07774a034, max_idle_ns: 440795329515 ns
[   13.358722] io scheduler noop registered
[   13.359363] io scheduler deadline registered (default)
[   13.622718] io scheduler cfq registerdd
[   13.832777] pci_hotplug: PCI Hot Plug PCI Core version: 0.5
[   14.149058] pciehp: PCI Express Hot Plug Controller Driver version: 0.4
[   14.169469] ACPI: AC Adapter [AC] (on-line)
[   14.170190] input: Power Button as /devices/LNXSYSTM:00/LNXPWRBN:00/input/input0
[   14.171356] ACPI: Power Button [PWRF]
[   14.172013] input: Sleep Button as /devices/LNXSYSTM:00/LNXSLPBN:00/input/input1
[   14.173198] ACPI: Sleep Button [SLPF]
[   14.174032] GHES: HEST is not enabled!
[   14.445219] Serial: 8250/16550 driver, 32 ports, IRQ sharing enabled
[   14.797175] 00:02  ttyS0 tt I/O 0x3f8 (irq = 4, base_baud = 115200) is a 16550A
[   15.222397] Linux agpgart interface v0.103
[   15.230931] loop: module loaded
[   15.243190] scsi host0: ata_piix
[   15.342748] scsi host1: ata_piix
[   15.438440] ata1: PATA max UDMA/33 cmd 0x1f0 ctl 0x3f6 bmdma 0xd000 irq 14
[   15.645164] ata2: PATA max UDMA/33 cmd 0x170 ctl 0x376 bmdma 0xd008 irq 15
[   15.852838] libphy: Fixed MDIO Bus: probed
[   15.974717] tun: Universal TUN/TAP device driver, 1.6
[   16.123510] tun: (C) 1999-2004 Max Krasnyansky <maxk@qualcomm.com>
[   16.206453] PPP generic driver version 2.4.2
[   16.216854] ehci_hcd: USB 2.0 'Enhanced' Host Controller (EHCI) Driver
[   16.302695] ehci-pci: EHCI PCI platform driver
[   16.303386] ehci-platform: EHCI generic platform driver
[   16.304151] ohci_hcd: USB 1.1 'Open' Host Controller (OHCI) Driver
[   16.305025] ohci-pci: OHCI PCI platform driver
[   16.306181] ohci-pci 0000:00:06.0: OHCI PCI host controller
[   16.306986] ohci-pci 0000:00:06.0: new USB bus registered, assigned bus number 1
[   16.308193] ohci-pci 0000:00:06.0: irq 22, io mem 0xf0804000
[   16.364625] usb usb1: New USB device found, idVendor=1d6b, idProduct=0001
[   16.547623] usb usb1: New USB device strings: Mfr=3, Product=2, SerialNumber=1
[   16.765534] usb usb1: Product: OHCI PCI host controller
[   16.918897] usb usb1: Manufacturer: Linux 4.4.0-97-generic ohci_hcd
[   17.109271] usb usb1: SerialNumber: 0000:00:06.0
[   17.207931] hub 1-0:1.0: USB hub found
[   17.208606] hub 1-0:1.0: 12 ports detected
[   17.209617] ohci-platform: OHCI generic platform driver
[   17.210423] uhci_hcd: USB Universal Host Controller Interface driver
[   17.211339] i8042: PNP: PS/2 Controller [PNP0303:PS2K,PNP0f03:PS2M] at 0x60,0x64 irq 1,12
[   17.213031] serio: i8042 KBD port at 0x60,0x64 irq 1
[   17.213791] serio: i8042 AUX port at 0x60,0x64 irq 12
[   17.214627] mousedev: PS/2 mouse device common for all mice
[   17.215788] rtc_cmos rtc_cmos: rtc core: registered rtc_cmos as rtc0
[   17.216765] rtc_cmos rtc_cmos: alarms up to one day, 114 bytes nvram
[   17.217666] i2c /dev entries driver
[   17.218298] input: AT Translated Set 2 keyboard as /devices/platform/i8042/serio0/input/input2
[   17.219757] device-mapper: uevent: version 1.0.3
[   17.220540] device-mapper: ioctl: 4.34.0-ioctl (2015-10-28) initialised: dm-devel@redhat.com
[   17.221773] ledtrig-cpu: registered to indicate activity on CPUs
[   17.302532] NET: Registered protocol family 10
[   17.352748] NET: Registered protocol family 17
[   17.359774] Key type dns_resolver registered
[   17.365887] microcode: CPU0 sig=0x306a9, pf=0x2, revision=0x19
[   17.394610] microcode: CPU1 sig=0x306a9, pf=0x2, revision=0x19
[   17.579492] microcode: CPU2 sig=0x306a9, pf=0x2, revision=0x19
[   17.693345] microcode: CPU3 sig=0x306a9, pf=0x2, revision=0x19
[   17.694276] microcode: Microcode Update Driver: v2.01 <tigran@aivazian.fsnet.co.uk>, Peter Oruba
[   17.695685] registered taskstats version 1
[   17.696337] Loading compiled-in X.509 certificates
[   17.697631] Loaded X.509 cert 'Build time autogenerated kernel key: d1010f9627fd9242df4b03365d2931dfd1ad3d42'
[   17.829042] zswap: loaded using pool lzo/zbud
[   17.960404] Key type trusted registered
[   18.077323] Key type encrypted registered
[   18.193449] AppArmor: AppArmor sha1 policy hashing enabled
[   18.355566] ima: No TPM chip found, activating TPM-bypass!
[   18.382700] evm: HMAC attrs: 0x1
[   18.401819]   Magic number: 5:240:336
[   18.426904] tty tty57: hash matches
[   18.427571] rtc_cmos rtc_cmos: setting system clock to 2017-10-18 15:19:03 UTC (1508339943)
[   18.491850] BIOS EDD facility v0.16 2004-Jun-25, 0 devices found
[   18.672086] EDD information not available.
[   18.789352] Freeing unused kernel memory: 1492K
[   18.925254] Write protecting the kernel read-only data: 14336k
[   19.099872] Freeing unused kernel memory: 1748K
[   19.205690] Freeing unused kernel memory: 112K
Loading, please [   19.218315] random: systemd-udevd: uninitialized urandom read (16 bytes read, 3 bits of entropy available)
wait...
startin[   19.218932] random: udevadm: uninitialized urandom read (16 bytes read, 3 bits of entropy available)
g version 229
[   19.218968] random: udevadm: uninitialized urandom read (16 bytes read, 3 bits of entropy available)
[   19.219196] random: udevadm: uninitialized urandom read (16 bytes read, 3 bits of entropy available)
[   19.219239] random: udevadm: uninitialized urandom read (16 bytes read, 3 bits of entropy available)
[   19.219283] random: udevadm: uninitialized urandom read (16 bytes read, 3 bits of entropy available)
[   19.219323] random: udevadm: uninitialized urandom read (16 bytes read, 3 bits of entropy available)
[   19.219366] random: udevadm: uninitialized urandom read (16 bytes read, 3 bits of entropy available)
[   19.219410] random: udevadm: uninitialized urandom read (16 bytes read, 3 bits of entropy available)
[   19.219456] random: udevadm: uninitialized urandom read (16 bytes read, 3 bits of entropy available)
[   20.899266] e1000: Intel(R) PRO/1000 Network Driver - version 7.3.21-k8-NAPI
[   20.920853] e1000: Copyright (c) 1999-2006 Intel Corporation.
[   20.927250] Fusion MPT base driver 3.04.20
[   21.020058] Copyright (c) 1999-2008 LSI Corporation
[   21.288276] Fusion MPT SPI Host driver 3.04.20
[   21.294128] AVX version of gcm_enc/dec engaged.
[   21.295661] input: ImExPS/2 Generic Explorer Mouse as /devices/platform/i8042/serio1/input/input4
[   21.335867] AES CTR mode by8 optimization enabled
[   21.603627] e1000 0000:00:03.0 eth0: (PCI:33MHz:32-bit) 02:09:68:14:77:96
[   21.641198] e1000 0000:00:03.0 eth0: Intel(R) PRO/1000 Network Connection
[   22.164991] e1000 0000:00:08.0 eth1: (PCI:33MHz:32-bit) 08:00:27:09:b4:96
[   22.442475] e1000 0000:00:08.0 eth1: Intel(R) PRO/1000 Network Connection
[   22.444164] mptbase: ioc0: Initiating bringup
[   22.444289] e1000 0000:00:03.0 enp0s3: renamed from eth0
[   22.664293] e1000 0000:00:08.0 enp0s8: renamed from eth1
[   22.716294] ioc0: LSI53C1030 A0: Capabilities={Initiator}
[   23.013604] scsi host2: ioc0: LSI53C1030 A0, FwRev=00000000h, Ports=1, MaxQ=256, IRQ=20
[   23.321035] scsi 2:0:0:0: Direct-Access     VBOX     HARDDISK         1.0  PQ: 0 ANSI: 5
[   23.545151] scsi target2:0:0: Beginning Domain Validation
[   23.699704] scsi target2:0:0: Domain Validation skipping write tests
[   23.745897] scsi target2:0:0: Ending Domain Validation
[   23.746679] scsi target2:0:0: asynchronous
[   23.747663] scsi 2:0:1:0: Direct-Access     VBOX     HARDDISK         1.0  PQ: 0 ANSI: 5
[   23.748897] scsi target2:0:1: Beginning Domain Validation
[   23.750259] scsi target2:0:1: Domain Validation skipping write tests
[   23.751097] scsi target2:0:1: Ending Domain Validation
[   23.751880] scsi target2:0:1: asynchronous
[   23.756762] sd 2:0:0:0: Attached scsi generic sg0 type 0
[   23.906567] sd 2:0:0:0: [sda] 83886080 512-byte logical blocks: (42.9 GB/40.0 GiB)
[   23.906754] sd 2:0:1:0: Attached scsi generic sg1 type 0
[   23.907214] sd 2:0:1:0: [sdb] 20480 512-byte logical blocks: (10.5 MB/10.0 MiB)
[   23.907579] sd 2:0:1:0: [sdb] Write Protect is off
[   23.907740] sd 2:0:1:0: [sdb] Incomplete mode parameter data
[   23.907741] sd 2:0:1:0: [sdb] Assuming drive cache: write through
[   23.909786] sd 2:0:1:0: [sdb] Attached SCSI disk
[   23.928233] floppy0: no floppy controllers found
[   24.555094] sd 2:0:0:0: [sda] Write Protect is off
[   24.555918] sd 2:0:0:0: [sda] Incomplete mode parameter data
[   24.556792] sd 2:0:0:0: [sda] Assuming drive cache: write through
[   24.559283]  sda: sda1
[   24.570395] sd 2:0:0:0: [sda] Attached SCSI disk
Begin: Loading e[   26.086539] md: linear personality registered for level -1
ssential drivers[   26.354776] md: multipath personality registered for level -4
 ... [   26.642451] md: raid0 personality registered for level 0
[   26.768102] md: raid1 personality registered for level 1
[   26.980081] raid6: sse2x1   gen()  9291 MB/s
[   27.172059] raid6: sse2x1   xor()  7639 MB/s
[   27.296081] raid6: sse2x2   gen()  8544 MB/s
[   27.420083] raid6: sse2x2   xor()  8249 MB/s
[   27.536066] raid6: sse2x4   gen() 13464 MB/s
[   27.616083] raid6: sse2x4   xor() 10119 MB/s
[   27.742560] raid6: using algorithm sse2x4 gen() 13464 MB/s
[   27.880759] raid6: .... xor() 10119 MB/s, rmw enabled
[   27.981509] raid6: using ssse3x2 recovery algorithm
[   27.997836] xor: automatically using best checksumming function:
[   28.184096]    avx       : 19848.000 MB/sec
[   28.214379] async_tx: api initialized (async)
[   28.239482] md: raid6 personality registered for level 6
[   28.382006] md: raid5 personality registered for level 5
[   28.382752] md: raid4 personality registered for level 4
[   28.391954] md: raid10 personality registered for level 10
done.
Begin: Running /scripts/init-premount ... done.[   28.578967] Btrfs loaded

Begin: Mounting root file system ... Begin: Running /scripts/local-top ... done[   28.692716] EXT4-fs (sda1): mounted filesystem with ordered data mode. Opts: (null)
.
Begin: Running /scripts/local-premount ... Scanning for Btrfs filesystems
done.
Warning: fsck not present, so skipping root file system
done.
Begin: Running /scripts/local-bottom ... done.
Begin: Running /scripts/init-bottom ... done.
[   29.035492] systemd[1]: systemd 229 running in system mode. (+PAM +AUDIT +SELINUX +IMA +APPARMOR +SMACK +SYSVINIT +UTMP +LIBCRYPTSETUP +GCRYPT +GNUTLS +ACL +XZ -LZ4 +SECCOMP +BLKID +ELFUTILS +KMOD -IDN)
[   29.355256] systemd[1]: Detected virtualization oracle.
[   29.509557] systemd[1]: Detected architecture x86-64.

Welcome to [1mUbuntu 16.04.3 LTS[0m!

[   29.689033] systemd[1]: Set hostname to <ubuntu-xenial>.
[   29.992535] systemd[1]: Listening on Syslog Socket.
[[0;32m  OK  [0m] Listening on Syslog Socket.
[   30.121539] systemd[1]: Started Forward Password Requests to Wall Directory Watch.
[[0;32m  OK  [0m] Started Forward Password Requests to Wall Directory Watch.
[   30.124303] systemd[1]: Listening on udev Control Socket.
[[0;32m  OK  [0m] Listening on udev Control Socket.
[   30.157351] systemd[1]: Started Trigger resolvconf update for networkd DNS.
[[0;32m  OK  [0m] Started Trigger resolvconf update for networkd DNS.
[   30.159566] systemd[1]: Listening on udev Kernel Socket.
[[0;32m  OK  [0m] Listening on udev Kernel Socket.
[   30.163886] systemd[1]: Listening on Journal Audit Socket.
[[0;32m  OK  [0m] Listening on Journal Audit Socket.
[   30.169178] systemd[1]: Listening on LVM2 poll daemon socket.
[[0;32m  OK  [0m] Listening on LVM2 poll daemon socket.
[   30.171205] systemd[1]: Set up automount Arbitrary Executable File Formats File System Automount Point.
[[0;32m  OK  [0m] Set up automount Arbitrary Executab...ats File System Automount Point.
[   30.173892] systemd[1]: Listening on /dev/initctl Compatibility Named Pipe.
[[0;32m  OK  [0m] Listening on /dev/initctl Compatibility Named Pipe.
[   30.176260] systemd[1]: Created slice System Slice.
[[0;32m  OK  [0m] Created slice System Slice.
[   30.178186] systemd[1]: Created slice system-serial\x2dgetty.slice.
[[0;32m  OK  [0m] Created slice system-serial\x2dgetty.slice.
[   30.181012] systemd[1]: Reached target User and Group Name Lookups.
[[0;32m  OK  [0m] Reached target User and Group Name Lookups.
[   30.182937] systemd[1]: Listening on LVM2 metadata daemon socket.
[[0;32m  OK  [0m] Listening on LVM2 metadata daemon socket.
[   30.184896] systemd[1]: Listening on Device-mapper event daemon FIFOs.
[[0;32m  OK  [0m] Listening on Device-mapper event daemon FIFOs.
[   30.187020] systemd[1]: Created slice User and Session Slice.
[[0;32m  OK  [0m] Created slice User and Session Slice.
[   30.188845] systemd[1]: Reached target Slices.
[[0;32m  OK  [0m] Reached target Slices.
[   30.190430] systemd[1]: Listening on Journal Socket (/dev/log).
[[0;32m  OK  [0m] Listening on Journal Socket (/dev/log).
[   30.192263] systemd[1]: Reached target Swap.
[[0;32m  OK  [0m] Reached target Swap.
[   30.193882] systemd[1]: Reached target Encrypted Volumes.
[[0;32m  OK  [0m] Reached target Encrypted Volumes.
[   30.196558] systemd[1]: Listening on Journal Socket.
[[0;32m  OK  [0m] Listening on Journal Socket.
[   30.212872] systemd[1]: Starting Remount Root and Kernel File Systems...
         Starting Remount Root and Kernel File Systems...
[   30.363959] EXT4-fs (sda1): re-mounted. Opts: (null)
[   30.365241] systemd[1]: Starting Load Kerne  Modules...
[   30.864459] Loading iSCSI transport class v2.0-870.
         [   31.127953] iscsi: registered transport (tcp)
Starting Load Kernel Modules...
[   31.220193] systemd[1]: Mounting Huge Pages File System...
         [   31.442585] random: nonblocking pool is initialized
Mounting Huge Pa[   31.734669] iscsi: registered transport (iser)
ges File System...
[   32.011322] systemd[1]: Mounting Debug File System...
         Mounting Debug File System...
[   32.112281] systemd[1]: Starting Uncomplicated firewall...
         Starting Uncomplicated firewall...
[   32.252392] systemd[1]: Starting Set console keymap...
         Starting Set console keymap...
[   32.379995] systemd[1]: Starting Journal Service...
         Starting Journal Service...
[   32.400935] systemd[1]: Starting Create list of required static device nodes for the current kernel...
         Starting Create list of required st... nodes for the current kernel...
[   32.728266] systemd[1]: Starting Monitoring of LVM2 mirrors, snapshots etc. using dmeventd or progress polling...
         Starting Monitoring of LVM2 mirrors... dmeventd or progress polling...
[   33.100269] systemd[1]: Mounting POSIX Message Queue File System...
         Mounting POSIX Message Queue File System...
[   33.320278] systemd[1]: Starting Nameserver information manager...
         Starting Nameserver information manager...
[   33.496994] systemd[1]: Mounted Debug File System.
[[0;32m  OK  [0m] Mounted Debug File System.
[   33.641351] systemd[1]: Mounted Huge Pages File System.
[[0;32m  OK  [0m] Mounted Huge Pages File System.
[   33.642962] systemd[1]: Mounted POSIX Message Queue File System.
[[0;32m  OK  [0m] Mounted POSIX Message Queue File System.
[   33.650083] systemd[1]: Started Journal Service.
[[0;32m  OK  [0m] Started Journal Service.
[[0;32m  OK  [0m] Started Remount Root and Kernel File Systems.
[[0;32m  OK  [0m] Started Load Kernel Modules.
[[0;32m  OK  [0m] Started Uncomplicated firewall.
[[0;32m  OK  [0m] Started Set console keymap.
[[0;32m  OK  [0m] Started Create list of required sta...ce nodes for the current kernel.
[[0;32m  OK  [0m] Started Nameserver information manager.
[[0;32m  OK  [0m] Started LVM2 metadata daemon.
         Starting Create Static Device Nodes in /dev...
         Mounting FUSE Control File System...
         Starting Apply Kernel Variables...
         Starting Load/Save Random Seed...
         Starting Initial cloud-init job (pre-networking)...
         Starting udev Coldplug all Devices...
         Starting Flush Journal to Persistent Storage...
[[0;32m  OK  [0m] Mounted FUSE Control File System.
[[0;32m  OK  [0m] Started Create Static Device Nodes in /dev.
[[0;32m  OK  [0m] Started Apply Kernel Variables.
[[0;32m  OK  [0m] Started Load/Save Random Seed.
         Starting udev Kernel Device Manager...
[[0;32m  OK  [0m] Started Flush Journal to Persistent Storage.
[[0;32m  OK  [0m] Started Monitoring of LVM2 mirrors,...ng dmeventd or progress polling.
[[0;32m  OK  [0m] Started udev Coldplug all Devices.
[[0;32m  OK  [0m] Started udev Kernel Device Manager.
[[0;32m  OK  [0m] Found device /dev/ttyS0.
[[0;32m  OK  [0m] Started Dispatch Password Requests to Console Directory Watch.
[[0;32m  OK  [0m] Reached target Local File Systems (Pre).
[[0;32m  OK  [0m] Reached target Local File Systems.
         Starting Set console font and keymap...
[   24.793930] cloud-init[479]: Cloud-init v. 0.7.9 running 'init-local' at Wed, 18 Oct 2017 15:19:19 +0000. Up 24.55 seconds.
         Starting Tell Plymouth To Write Out Runtime Data...
         Starting LSB: AppArmor initialization...
         Starting Create Volatile Files and Directories...
[[0;32m  OK  [0m] Started Tell Plymouth To Write Out Runtime Data.
[[0;32m  OK  [0m] Started Create Volatile Files and Directories.
[[0;32m  OK  [0m] Started Set console font and keymap.
[[0;32m  OK  [0m] Started Initial cloud-init job (pre-networking).
[[0;32m  OK  [0m] Listening on Load/Save RF Kill Switch Status /dev/rfkill Watch.
[[0;32m  OK  [0m] Reached target Network (Pre).
[[0;32m  OK  [0m] Created slice system-getty.slice.
[[0;32m  OK  [0m] Reached target System Time Synchronized.
         Starting Update UTMP about System Boot/Shutdown...
[[0;32m  OK  [0m] Started LSB: AppArmor initialization.
         Starting Raise network interfaces...
[[0;32m  OK  [0m] Started ifup for enp0s8.
[[0;32m  OK  [0m] Started ifup for enp0s3.
[[0;32m  OK  [0m] Started Update UTMP about System Boot/Shutdown.
[[0;32m  OK  [0m] Started Raise network interfaces.
         Starting Initial cloud-init job (metadata service crawler)...
[[0;32m  OK  [0m] Reached target Network.
[   28.137893] cloud-init[1250]: Cloud-init v. 0.7.9 running 'init' at Wed, 18 Oct 2017 15:19:23 +0000. Up 27.76 seconds.
[   28.192284] [cloud-init[0;32m  OK  [0m[1250]: ] ci-info: ++++++++++++++++++++++++++++++++++++++Net device info++++++++++++++++++++++++++++++++++++++Started Initial cloud-init job (metadata service crawler).

[   28.192451] cloud-init[1250]: ci-info: +--------+------+-----------------------------+---------------+-------+-------------------+
[   28.412387] [cloud-init[0;32m  OK  [0m[1250]: ] ci-info: | Device |  Up  |           Address           |      Mask     | Scope |     Hw-Address    |Reached target Cloud-config availability.

[[   28.412852] [0;32m  OK  [0mcloud-init] [1250]: Reached target System Initialization.ci-info: +--------+------+-----------------------------+---------------+-------+-------------------+

[   28.659247]          cloud-initStarting Docker Socket for the API.[1250]: 
ci-info: | enp0s3 | True |          10.0.2.15          | 255.255.255.0 |   .   | 02:09:68:14:77:96 |
[   28.684232] [cloud-init[0;32m  OK  [0m[1250]: ] ci-info: | enp0s3 | True |  fe80::9:68ff:fe14:7796/64  |       .       |  link | 02:09:68:14:77:96 |Listening on D-Bus System Message Bus Socket.

[   28.684541] cloud-init[1250]: ci-info: | enp0s8 | True |        192.168.178.48       | 255.255.255.0 |   .   | 08:00:27:09:b4:96 |
[   28.880363] [cloud-init[0;32m  OK  [0m[1250]: ] ci-info: | enp0s8 | True | fe80::a00:27ff:fe09:b496/64 |       .       |  link | 08:00:27:09:b4:96 |Started Timer to automatically refresh installed snaps.

[   28.880735] cloud-init[1250]: ci-info: |   lo   | True |          127.0.0.1          |   255.0.0.0   |   .   |         .         |
[   29.116433]          cloud-initStarting LXD - unix socket.[1250]: 
ci-info: |   lo   | True |           ::1/128           |       .       |  host |         .         |
[   29.212352] [cloud-init[0;32m  OK  [0m[1250]: ] ci-info: +--------+------+-----------------------------+---------------+-------+-------------------+Started Timer to automatically fetch and run repair assertions.

[   29.212812] cloud-init[1250]: ci-info: ++++++++++++++++++++++++++++Route IPv4 info+++++++++++++++++++++++++++++
[   29.400357] [cloud-init[0;32m  OK  [0m[1250]: ] ci-info: +-------+---------------+----------+---------------+-----------+-------+Started ACPI Events Check.

[   29.400839] cloud-init[1250]: ci-info: | Route |  Destination  | Gateway  |    Genmask    | Interface | Flags |
[   29.576393] [cloud-init[0;32m  OK  [0m[1250]: ] ci-info: +-------+---------------+----------+---------------+-----------+-------+Reached target Paths.

[[   29.576843] [0;32m  OK  [0mcloud-init] [1250]: Listening on UUID daemon activation socket.ci-info: |   0   |    0.0.0.0    | 10.0.2.2 |    0.0.0.0    |   enp0s3  |   UG  |

[   29.764329]          cloud-initStarting Socket activation for snappy daemon.[1250]: 
ci-info: |   1   |    10.0.2.0   | 0.0.0.0  | 255.255.255.0 |   enp0s3  |   U   |
[   29.786513] [cloud-init[0;32m  OK  [0m[1250]: ] ci-info: |   2   | 192.168.178.0 | 0.0.0.0  | 255.255.255.0 |   enp0s8  |   U   |Listening on ACPID Listen Socket.

[[   29.786828] [0;32m  OK  [0mcloud-init] [1250]: Started Daily Cleanup of Temporary Directories.ci-info: +-------+---------------+----------+---------------+-----------+-------+

[[0;32m  OK  [0m] Reached target Network is Online.
[[0;32m  OK  [0m] Started Daily apt download activities.
[[0;32m  OK  [0m] Started Daily apt upgrade and clean activities.
[[0;32m  OK  [0m] Reached target Timers.
         Starting iSCSI initiator daemon (iscsid)...
[[0;32m  OK  [0m] Listening on Docker Socket for the API.
[[0;32m  OK  [0m] Listening on LXD - unix socket.
[[0;32m  OK  [0m] Listening on Socket activation for snappy daemon.
[[0;32m  OK  [0m] Started iSCSI initiator daemon (iscsid).
         Starting Login to default iSCSI targets...
[[0;32m  OK  [0m] Reached target Sockets.
[[0;32m  OK  [0m] Reached target Basic System.
[[0;32m  OK  [0m] Started Regular background program processing daemon.
         Starting LSB: MD monitoring daemon...
         Starting vboxadd.service...
         Starting LXD - container startup/shutdown...
[[0;32m  OK  [0m] Started Deferred execution scheduler.
         Starting System Logging Service...
         Starting Accounts Service...
         Starting Login Service...
         Starting Snappy daemon...
         Starting LSB: Record successful boot for GRUB...
         Starting /etc/rc.local Compatibility...
[[0;32m  OK  [0m] Started FUSE filesystem for LXC.
[[0;32m  OK  [0m] Started Unattended Upgrades Shutdown.
         Starting Apply the settings specified in cloud-config...
[[0;32m  OK  [0m] Started D-Bus System Message Bus.
         Starting OpenBSD Secure Shell server...
[[0;32m  OK  [0m] Started ACPI event daemon.
         Starting Ubuntu FAN network setup...
         Starting vboxadd-x11.service...
         Starting Docker Application Container Engine...
[[0;32m  OK  [0m] Started System Logging Service.
[[0;32m  OK  [0m] Started Snappy daemon.
[[0;32m  OK  [0m] Started OpenBSD Secure Shell server.
[[0;32m  OK  [0m] Started vboxadd.service.
[[0;32m  OK  [0m] Started LXD - container startup/shutdown.
[[0;32m  OK  [0m] Started /etc/rc.local Compatibility.
[[0;32m  OK  [0m] Started Ubuntu FAN network setup.
[[0;32m  OK  [0m] Started vboxadd-x11.service.
[[0;32m  OK  [0m] Started Login to default iSCSI targets.
[[0;32m  OK  [0m] Started LSB: MD monitoring daemon.
[   31.317598] cloud-init[1408]: Cloud-init v. 0.7.9 running 'modules:config' at Wed, 18 Oct 2017 15:19:26 +0000. Up 31.20 seconds.
[[0;32m  OK  [0m] Started LSB: Record successful boot for GRUB.
[[0;32m  OK  [0m] Started Apply the settings specified in cloud-config.
[[0;32m  OK  [0m] Started Login Service.
         Starting Authenticate and Authorize Users to Run Privileged Tasks...
[[0;32m  OK  [0m] Reached target Remote File Systems (Pre).
[[0;32m  OK  [0m] Reached target Remote File Systems.
         Starting LSB: Set up cgroupfs mounts....
         Starting LSB: automatic crash report generation...
         Starting LSB: Set the CPU Frequency Scaling governor to "ondemand"...
         Starting LSB: daemon to balance interrupts for SMP systems...
         Starting Permit User Sessions...
         Starting vboxadd-service.service...
         Starting Auto import assertions from block devices...
[[0;32m  OK  [0m] Started LSB: Set up cgroupfs mounts..
[[0;32m  OK  [0m] Started Permit User Sessions.
[[0;32m  OK  [0m] Started vboxadd-service.service.
[[0;32m  OK  [0m] Started Auto import assertions from block devices.
[[0;32m  OK  [0m] Started Authenticate and Authorize Users to Run Privileged Tasks.
[[0;32m  OK  [0m] Started Accounts Service.
[[0;32m  OK  [0m] Started LSB: Set the CPU Frequency Scaling governor to "ondemand".
[[0;32m  OK  [0m] Started LSB: automatic crash report generation.
[[0;32m  OK  [0m] Started LSB: daemon to balance interrupts for SMP systems.
         Starting Terminate Plymouth Boot Screen...
         Starting Hold until boot process finishes up...
[[0;32m  OK  [0m] Started Terminate Plymouth Boot Screen.
[[0;32m  OK  [0m] Started Hold until boot process finishes up.
[[0;32m  OK  [0m] Started Getty on tty1.
         Starting Set console scheme...
[[0;32m  OK  [0m] Started Serial Getty on ttyS0.
[[0;32m  OK  [0m] Reached target Login Prompts.
[[0;32m  OK  [0m] Started Set console scheme.
[[0;32m  OK  [0m] Created slice User Slice of ubuntu.
[[0;32m  OK  [0m] Started Docker Application Container Engine.
         Starting User Manager for UID 1000...
[[0;32m  OK  [0m] Reached target Multi-User System.
[[0;32m  OK  [0m] Reached target Graphical Interface.
         Starting Update UTMP about System Runlevel Changes...
         Starting Execute cloud user/final scripts...
[[0;32m  OK  [0m] Started User Manager for UID 1000.
[[0;32m  OK  [0m] Started Update UTMP about System Runlevel Changes.
[[0;32m  OK  [0m] Started Session 1 of user ubuntu.
[   33.321850] cloud-init[1736]: Cloud-init v. 0.7.9 running 'modules:final' at Wed, 18 Oct 2017 15:19:28 +0000. Up 33.20 seconds.
[   33.396426] [cloud-init[0;32m  OK  [0m[1736]: ] Cloud-init v. 0.7.9 finished at Wed, 18 Oct 2017 15:19:28 +0000. Datasource DataSourceNoCloud [seed=/dev/sdb][dsmode=net].  Up 33.31 secondsStarted Execute cloud user/final scripts.

[[0;32m  OK  [0m] Reached target Cloud-init target.

Ubuntu 16.04.3 LTS ubuntu-xenial ttyS0

ubuntu-xenial login:          Stopping ACPI event de         Stopping LSB: automatic crash report generation...
         Stopping Deferred execution scheduler...
         Stopping vboxadd-service.service...
         Stopping Snappy daemon...
         Stopping LSB: MD monitoring daemon...
         Stopping FUSE filesystem for LXC...
         Stopping Unattended Upgrades Shutdown...
         Stopping D-Bus System Message Bus...
         Stopping Ubuntu FAN network setup...
         Stopping LSB: daemon to balance interrupts for SMP systems...
         Stopping LSB: Record successful boot for GRUB...
         Stopping LSB: Set the CPU Frequency Scaling governor to "ondemand"...
[[0;32m  OK  [0m] Stopped Daily Cleanup of Temporary Directories.
         Stopping User Manager for UID 1000...
         Stopping Getty on tty1...
         Stopping Accounts Service...
[[0;32m  OK  [0m] Stopped Apply the settings specified in cloud-config.
[[0;32m  OK  [0m] Stopped target Cloud-config availability.
[[0;32m  OK  [0m] Closed Load/Save RF Kill Switch Status /dev/rfkill Watch.
         Stopping vboxadd-x11.service...
         Stopping Docker Application Container Engine...
         Stopping System Logging Service...
         Stopping LXD - container startup/shutdown...
         Stopping LSB: Set up cgroupfs mounts....
         Stopping OpenBSD Secure Shell server...
         Stopping Regular background program processing daemon...
[[0;32m  OK  [0m] Unmounted /var/lib/docker/aufs.
[[0;32m  OK  [0m] Unmounted /var/lib/lxcfs.
[[0;32m  OK  [0m] Stopped Regular background program processing daemon.
[[0;32m  OK  [0m] Stopped Deferred execution scheduler.
[[0;32m  OK  [0m] Stopped System Logging Service.
[[0;32m  OK  [0m] Stopped Accounts Service.
[[0;32m  OK  [0m] Stopped Snappy daemon.
[[0;32m  OK  [0m] Stopped OpenBSD Secure Shell server.
[[0;32m  OK  [0m] Stopped ACPI event daemon.
[[0;32m  OK  [0m] Stopped Authenticate and Authorize Users to Run Privileged Tasks.
[[0;32m  OK  [0m] Stopped Getty on tty1.
[[0;32m  OK  [0m] Stopped Serial Getty on ttyS0.
[[0;32m  OK  [0m] Stopped User Manager for UID 1000.
[[0;32m  OK  [0m] Stopped Session 1 of user ubuntu.
[[0;32m  OK  [0m] Stopped vboxadd-service.service.
[[0;32m  OK  [0m] Stopped Unattended Upgrades Shutdown.
[[0;32m  OK  [0m] Stopped D-Bus System Message Bus.
[[0;32m  OK  [0m] Stopped Ubuntu FAN network setup.
[[0;32m  OK  [0m] Stopped vboxadd-x11.service.
[[0;32m  OK  [0m] Stopped LSB: Set up cgroupfs mounts..
[[0;32m  OK  [0m] Stopped FUSE filesystem for LXC.
[[0;32m  OK  [0m] Stopped Docker Application Container Engine.
[[0;32m  OK  [0m] Stopped LSB: automatic crash report generation.
[[0;32m  OK  [0m] Stopped LSB: MD monitoring daemon.
[[0;32m  OK  [0m] Stopped LSB: daemon to balance interrupts for SMP systems.
[[0;32m  OK  [0m] Stopped LSB: Record successful boot for GRUB.
[[0;32m  OK  [0m] Stopped LSB: Set the CPU Frequency Scaling governor to "ondemand".
[[0;32m  OK  [0m] Stopped LXD - container startup/shutdown.
         Stopping vboxadd.service...
[[0;32m  OK  [0m] Removed slice User Slice of ubuntu.
         Stopping Login Service...
[[0;32m  OK  [0m] Removed slice system-serial\x2dgetty.slice.
[[0;32m  OK  [0m] Stopped /etc/rc.local Compatibility.
[[0;32m  OK  [0m] Removed slice system-getty.slice.
         Stopping Permit User Sessions...
[[0;32m  OK  [0m] Unmounted /vagrant.
[[0;32m  OK  [0m] Stopped Login Service.
[[0;32m  OK  [0m] Stopped vboxadd.service.
[[0;32m  OK  [0m] Stopped Permit User Sessions.
[[0;32m  OK  [0m] Stopped target Remote File Systems.
[[0;32m  OK  [0m] Stopped target Remote File Systems (Pre).
         Stopping Login to default iSCSI targets...
[[0;32m  OK  [0m] Stopped target Basic System.
[[0;32m  OK  [0m] Stopped target Slices.
[[0;32m  OK  [0m] Stopped target Paths.
[[0;32m  OK  [0m] Stopped Forward Password Requests to Wall Directory Watch.
[[0;32m  OK  [0m] Stopped Dispatch Password Requests to Console Directory Watch.
[[0;32m  OK  [0m] Stopped ACPI Events Check.
[[0;32m  OK  [0m] Stopped target Sockets.
[[0;32m  OK  [0m] Closed Docker Socket for the API.
[[0;32m  OK  [0m] Closed Syslog Socket.
[[0;32m  OK  [0m] Closed LXD - unix socket.
[[0;32m  OK  [0m] Closed Socket activation for snappy daemon.
[[0;32m  OK  [0m] Closed ACPID Listen Socket.
[[0;32m  OK  [0m] Closed UUID daemon activation socket.
[[0;32m  OK  [0m] Stopped target User and Group Name Lookups.
[[0;32m  OK  [0m] Removed slice User and Session Slice.
[[0;32m  OK  [0m] Closed D-Bus System Message Bus Socket.
[[0;32m  OK  [0m] Stopped target System Initialization.
         Stopping Load/Save Random Seed...
[[0;32m  OK  [0m] Stopped Create Volatile Files and Directories.
[[0;32m  OK  [0m] Stopped target Swap.
[[0;32m  OK  [0m] Stopped target Encrypted Volumes.
[[0;32m  OK  [0m] Stopped Load/Save Random Seed.
[[0;32m  OK  [0m] Stopped Login to default iSCSI targets.
         Stopping iSCSI initiator daemon (iscsid)...
[[0;32m  OK  [0m] Stopped iSCSI initiator daemon (iscsid).
[[0;32m  OK  [0m] Stopped target Network is Online.
[[0;32m  OK  [0m] Stopped Initial cloud-init job (metadata service crawler).
[[0;32m  OK  [0m] Stopped target Network.
         Stopping Raise network interfaces...
[[0;32m  OK  [0m] Stopped Raise network interfaces.
[[0;32m  OK  [0m] Stopped Apply Kernel Variables.
[[0;32m  OK  [0m] Stopped target Network (Pre).
[[0;32m  OK  [0m] Stopped Initial cloud-init job (pre-networking).
[[0;32m  OK  [0m] Stopped target Local File Systems.
         Unmounting /run/user/1000...
[[0;32m  OK  [0m] Stopped Load Kernel Modules.
[[0;32m  OK  [0m] Unmounted /run/user/1000.
[[0;32m  OK  [0m] Reached target Unmount All Filesystems.
[[0;32m  OK  [0m] Stopped target Local File Systems (Pre).
[[0;32m  OK  [0m] Stopped Create Static Device Nodes in /dev.
         Stopping Monitoring of LVM2 mirrors... dmeventd or progress polling...
[[0;32m  OK  [0m] Stopped Remount Root and Kernel File Systems.
[[0;32m  OK  [0m] Reached target Shutdown.
[ 5817.261603] reboot: Power down